{
  "RSpec": {
    "coverage": {
      "/Users/katherinedefliese/Documents/Ada_homework/capstone_stuff/capstone/app/helpers/application_helper.rb": [
        1,
        null
      ],
      "/Users/katherinedefliese/Documents/Ada_homework/capstone_stuff/capstone/app/helpers/days_helper.rb": [
        1,
        null
      ],
      "/Users/katherinedefliese/Documents/Ada_homework/capstone_stuff/capstone/app/helpers/entries_helper.rb": [
        1,
        null
      ],
      "/Users/katherinedefliese/Documents/Ada_homework/capstone_stuff/capstone/app/helpers/foods_helper.rb": [
        1,
        null
      ],
      "/Users/katherinedefliese/Documents/Ada_homework/capstone_stuff/capstone/app/helpers/ingredients_helper.rb": [
        1,
        null
      ],
      "/Users/katherinedefliese/Documents/Ada_homework/capstone_stuff/capstone/app/helpers/meals_helper.rb": [
        1,
        null
      ],
      "/Users/katherinedefliese/Documents/Ada_homework/capstone_stuff/capstone/app/helpers/sessions_helper.rb": [
        1,
        null
      ],
      "/Users/katherinedefliese/Documents/Ada_homework/capstone_stuff/capstone/app/helpers/welcome_helper.rb": [
        1,
        null
      ],
      "/Users/katherinedefliese/Documents/Ada_homework/capstone_stuff/capstone/app/controllers/days_controller.rb": [
        1,
        1,
        null,
        1,
        0,
        0,
        0,
        0,
        0,
        0,
        0,
        0,
        null,
        null,
        null,
        null
      ],
      "/Users/katherinedefliese/Documents/Ada_homework/capstone_stuff/capstone/app/controllers/application_controller.rb": [
        1,
        null,
        null,
        1,
        null,
        1,
        0,
        null,
        null,
        1,
        0,
        0,
        0,
        null,
        null,
        null
      ],
      "/Users/katherinedefliese/Documents/Ada_homework/capstone_stuff/capstone/app/controllers/entries_controller.rb": [
        1,
        null,
        1,
        0,
        0,
        0,
        0,
        0,
        0,
        0,
        0,
        0,
        0,
        null,
        null,
        0,
        0,
        0,
        null,
        null,
        0,
        0,
        0,
        null,
        null,
        0,
        null,
        0,
        null,
        null,
        null,
        1,
        0,
        0,
        0,
        null,
        null,
        1,
        null,
        null,
        1,
        0,
        0,
        0,
        null,
        null,
        1,
        null,
        1,
        0,
        null,
        null,
        null
      ],
      "/Users/katherinedefliese/Documents/Ada_homework/capstone_stuff/capstone/app/controllers/foods_controller.rb": [
        1,
        1,
        null,
        1,
        0,
        null,
        null,
        1,
        0,
        0,
        0,
        null,
        0,
        null,
        null,
        null,
        1,
        0,
        0,
        null,
        null,
        1,
        0,
        null,
        null,
        1,
        0,
        0,
        0,
        0,
        null,
        0,
        null,
        null,
        1,
        null,
        1,
        0,
        null,
        null
      ],
      "/Users/katherinedefliese/Documents/Ada_homework/capstone_stuff/capstone/lib/factual_wrapper/factual_wrapper.rb": [
        1,
        null,
        1,
        null,
        1,
        null,
        0,
        null,
        null,
        null,
        null,
        null,
        null,
        null,
        null,
        null,
        null,
        null,
        null,
        null,
        null,
        null,
        null,
        null,
        null,
        null,
        null,
        null,
        null,
        null,
        null,
        null,
        null,
        null,
        null,
        null,
        null,
        null,
        null,
        null,
        null,
        null,
        null,
        null,
        null,
        null,
        null,
        null,
        null,
        null,
        null,
        null,
        null,
        null,
        null,
        null,
        null,
        null,
        null,
        null,
        null,
        null,
        null,
        null,
        null,
        null,
        null,
        null,
        null,
        null,
        null,
        null,
        null,
        null,
        null,
        null,
        null,
        null,
        null,
        null,
        null,
        null,
        null,
        null,
        0,
        null,
        null,
        null,
        null,
        null,
        null,
        null,
        null,
        null
      ],
      "/Users/katherinedefliese/Documents/Ada_homework/capstone_stuff/capstone/app/controllers/ingredients_controller.rb": [
        1,
        null,
        1,
        0,
        null,
        null,
        1,
        0,
        0,
        0,
        null,
        0,
        null,
        null,
        null,
        1,
        0,
        0,
        null,
        null,
        1,
        0,
        null,
        null,
        1,
        null,
        1,
        0,
        null,
        null,
        null
      ],
      "/Users/katherinedefliese/Documents/Ada_homework/capstone_stuff/capstone/app/controllers/meals_controller.rb": [
        1,
        null,
        1,
        0,
        null,
        null,
        1,
        0,
        0,
        0,
        null,
        0,
        null,
        null,
        null,
        1,
        0,
        0,
        null,
        null,
        1,
        0,
        null,
        null,
        1,
        null,
        1,
        0,
        null,
        null,
        null
      ],
      "/Users/katherinedefliese/Documents/Ada_homework/capstone_stuff/capstone/app/controllers/sessions_controller.rb": [
        1,
        null,
        1,
        null,
        null,
        1,
        8,
        8,
        7,
        7,
        6,
        6,
        null,
        1,
        null,
        null,
        1,
        null,
        8,
        null,
        null,
        1,
        2,
        2,
        2,
        null,
        null
      ],
      "/Users/katherinedefliese/Documents/Ada_homework/capstone_stuff/capstone/app/controllers/welcome_controller.rb": [
        1,
        1,
        1,
        1,
        null,
        null,
        1,
        null,
        null,
        1,
        0,
        0,
        0,
        null,
        null
      ],
      "/Users/katherinedefliese/Documents/Ada_homework/capstone_stuff/capstone/app/jobs/send_email_job.rb": [
        1,
        1,
        null,
        1,
        null,
        null,
        null
      ],
      "/Users/katherinedefliese/Documents/Ada_homework/capstone_stuff/capstone/app/mailers/user_mailer.rb": [
        1,
        null
      ],
      "/Users/katherinedefliese/Documents/Ada_homework/capstone_stuff/capstone/app/mailers/application_mailer.rb": [
        1,
        1,
        1,
        null,
        1,
        0,
        0,
        0,
        null,
        null
      ],
      "/Users/katherinedefliese/Documents/Ada_homework/capstone_stuff/capstone/app/models/day.rb": [
        1,
        1,
        1,
        1,
        1,
        null
      ],
      "/Users/katherinedefliese/Documents/Ada_homework/capstone_stuff/capstone/app/models/entry.rb": [
        1,
        1,
        1,
        1,
        1,
        1,
        null
      ],
      "/Users/katherinedefliese/Documents/Ada_homework/capstone_stuff/capstone/app/models/food.rb": [
        1,
        1,
        1,
        1,
        null,
        1,
        null,
        null
      ],
      "/Users/katherinedefliese/Documents/Ada_homework/capstone_stuff/capstone/app/models/ingredient.rb": [
        1,
        1,
        1,
        1,
        null,
        1,
        null
      ],
      "/Users/katherinedefliese/Documents/Ada_homework/capstone_stuff/capstone/app/models/meal.rb": [
        1,
        1,
        1,
        1,
        1,
        null,
        1,
        null
      ],
      "/Users/katherinedefliese/Documents/Ada_homework/capstone_stuff/capstone/app/models/symptom.rb": [
        1,
        1,
        1,
        1,
        1,
        null
      ],
      "/Users/katherinedefliese/Documents/Ada_homework/capstone_stuff/capstone/app/models/user.rb": [
        1,
        1,
        1,
        1,
        1,
        null,
        1,
        1,
        null,
        null,
        1,
        11,
        11,
        null,
        2,
        null,
        null,
        9,
        9,
        9,
        9,
        9,
        9,
        9,
        7,
        null,
        null,
        null,
        null,
        null,
        null,
        null
      ]
    },
    "timestamp": 1456897468
  }
}
